App/app/build/outputs/logs/manifest-merger-debug-report.txt
-- Merging decision tree log ---
manifest
ADDED from src\main\AndroidManifest.xml:16:1-66:12
	package
		ADDED from src\main\AndroidManifest.xml:17:5-39
		INJECTED from src\main\AndroidManifest.xml
		INJECTED from src\main\AndroidManifest.xml
	android:versionName
		ADDED from src\main\AndroidManifest.xml:19:5-30
		INJECTED from src\main\AndroidManifest.xml
		INJECTED from src\main\AndroidManifest.xml
	android:versionCode
		ADDED from src\main\AndroidManifest.xml:18:5-28
		INJECTED from src\main\AndroidManifest.xml
		INJECTED from src\main\AndroidManifest.xml
	xmlns:android
		ADDED from src\main\AndroidManifest.xml:16:11-69
uses-sdk
ADDED from src\main\AndroidManifest.xml:21:5-23:41
MERGED from [com.android.support:appcompat-v7:18.0.0] AndroidManifest.xml:18:5-42
	android:targetSdkVersion
		ADDED from src\main\AndroidManifest.xml:23:9-38
		INJECTED from src\main\AndroidManifest.xml
		INJECTED from src\main\AndroidManifest.xml
	android:minSdkVersion
		ADDED from src\main\AndroidManifest.xml:22:9-35
		INJECTED from src\main\AndroidManifest.xml
		INJECTED from src\main\AndroidManifest.xml
uses-feature#android.hardware.bluetooth_le
ADDED from src\main\AndroidManifest.xml:30:5-32:35
	android:required
		ADDED from src\main\AndroidManifest.xml:32:9-32
	android:name
		ADDED from src\main\AndroidManifest.xml:31:9-53
uses-permission#android.permission.BLUETOOTH
ADDED from src\main\AndroidManifest.xml:34:5-68
	android:name
		ADDED from src\main\AndroidManifest.xml:34:22-65
uses-permission#android.permission.BLUETOOTH_ADMIN
ADDED from src\main\AndroidManifest.xml:35:5-74
	android:name
		ADDED from src\main\AndroidManifest.xml:35:22-71
uses-permission#android.permission.WRITE_EXTERNAL_STORAGE
ADDED from src\main\AndroidManifest.xml:36:5-81
	android:name
		ADDED from src\main\AndroidManifest.xml:36:22-78
uses-permission#android.permission.MOUNT_UNMOUNT_FILESYSTEMS
ADDED from src\main\AndroidManifest.xml:37:5-84
	android:name
		ADDED from src\main\AndroidManifest.xml:37:22-81
uses-permission#android.permission.ACCESS_NETWORK_STATE
ADDED from src\main\AndroidManifest.xml:38:5-78
	android:name
		ADDED from src\main\AndroidManifest.xml:38:22-76
uses-permission#android.permission.CHANGE_NETWORK_STATE
ADDED from src\main\AndroidManifest.xml:39:5-78
	android:name
		ADDED from src\main\AndroidManifest.xml:39:22-76
uses-permission#android.permission.INTERNET
ADDED from src\main\AndroidManifest.xml:40:5-66
	android:name
		ADDED from src\main\AndroidManifest.xml:40:22-64
android:uses-permission#android.permission.READ_PHONE_STATE
ADDED from src\main\AndroidManifest.xml:42:5-83
	android:name
		ADDED from src\main\AndroidManifest.xml:42:30-80
android:uses-permission#android.permission.READ_EXTERNAL_STORAGE
ADDED from src\main\AndroidManifest.xml:43:5-88
	android:name
		ADDED from src\main\AndroidManifest.xml:43:30-85
application
ADDED from src\main\AndroidManifest.xml:45:5-64:19
MERGED from [com.android.support:appcompat-v7:18.0.0] AndroidManifest.xml:19:5-20
	android:label
		ADDED from src\main\AndroidManifest.xml:47:9-41
	android:icon
		ADDED from src\main\AndroidManifest.xml:46:9-43
	android:theme
		ADDED from src\main\AndroidManifest.xml:48:9-47
activity#com.hmsoft.bluetooth.le.DeviceControlActivity
ADDED from src\main\AndroidManifest.xml:49:9-57:20
	android:screenOrientation
		ADDED from src\main\AndroidManifest.xml:51:13-49
	android:name
		ADDED from src\main\AndroidManifest.xml:50:13-73
intent-filter#android.intent.action.MAIN+android.intent.category.LAUNCHER
ADDED from src\main\AndroidManifest.xml:52:13-56:29
action#android.intent.action.MAIN
ADDED from src\main\AndroidManifest.xml:53:17-69
	android:name
		ADDED from src\main\AndroidManifest.xml:53:25-66
category#android.intent.category.LAUNCHER
ADDED from src\main\AndroidManifest.xml:55:17-77
	android:name
		ADDED from src\main\AndroidManifest.xml:55:27-74
service#com.hmsoft.bluetooth.le.BluetoothLeService
ADDED from src\main\AndroidManifest.xml:59:9-61:38
	android:enabled
		ADDED from src\main\AndroidManifest.xml:61:13-35
	android:name
		ADDED from src\main\AndroidManifest.xml:60:13-70
activity#com.hmsoft.bluetooth.le.WebActivity
ADDED from src\main\AndroidManifest.xml:63:9-81
	android:name
		ADDED from src\main\AndroidManifest.xml:63:19-69